
> alkemio-server@0.127.0 test:ci /Users/antst/work/alkemio/server
> jest --forceExit --config ./test/config/jest.config.ci.js && cat ./coverage-ci/lcov.info

npm warn Unknown env config "verify-deps-before-run". This will stop working in the next major version of npm.
npm warn Unknown env config "auto-install-peers". This will stop working in the next major version of npm.
npm warn Unknown env config "_jsr-registry". This will stop working in the next major version of npm.
npm warn Unknown project config "auto-install-peers". This will stop working in the next major version of npm.
npm warn Unknown project config "strict-peer-dependencies". This will stop working in the next major version of npm.
Change report scaffold written to /var/folders/lq/9g7z6sk162zb9wgvqm0f0nch0000gn/T/schema-lifecycle-qtlWK3/change-report.json
npm warn Unknown env config "verify-deps-before-run". This will stop working in the next major version of npm.
npm warn Unknown env config "auto-install-peers". This will stop working in the next major version of npm.
npm warn Unknown env config "_jsr-registry". This will stop working in the next major version of npm.
npm warn Unknown project config "auto-install-peers". This will stop working in the next major version of npm.
npm warn Unknown project config "strict-peer-dependencies". This will stop working in the next major version of npm.
Change report scaffold written to /var/folders/lq/9g7z6sk162zb9wgvqm0f0nch0000gn/T/schema-lifecycle-qtlWK3/change-report.json
npm warn Unknown env config "verify-deps-before-run". This will stop working in the next major version of npm.
npm warn Unknown env config "auto-install-peers". This will stop working in the next major version of npm.
npm warn Unknown env config "_jsr-registry". This will stop working in the next major version of npm.
npm warn Unknown project config "auto-install-peers". This will stop working in the next major version of npm.
npm warn Unknown project config "strict-peer-dependencies". This will stop working in the next major version of npm.
PASS test/unit/domain/community/user/user.service.spec.ts (8.683 s)
Change report scaffold written to /var/folders/lq/9g7z6sk162zb9wgvqm0f0nch0000gn/T/schema-lifecycle-qtlWK3/change-report.json
npm warn Unknown env config "verify-deps-before-run". This will stop working in the next major version of npm.
npm warn Unknown env config "auto-install-peers". This will stop working in the next major version of npm.
npm warn Unknown env config "_jsr-registry". This will stop working in the next major version of npm.
npm warn Unknown project config "auto-install-peers". This will stop working in the next major version of npm.
npm warn Unknown project config "strict-peer-dependencies". This will stop working in the next major version of npm.
npm warn Unknown env config "verify-deps-before-run". This will stop working in the next major version of npm.
npm warn Unknown env config "auto-install-peers". This will stop working in the next major version of npm.
npm warn Unknown env config "_jsr-registry". This will stop working in the next major version of npm.
npm warn Unknown project config "auto-install-peers". This will stop working in the next major version of npm.
npm warn Unknown project config "strict-peer-dependencies". This will stop working in the next major version of npm.
PASS src/domain/community/user-group/user-group.resolver.spec.ts (10.79 s)
PASS src/services/api/search/ingest/search.ingest.service.spec.ts (10.915 s)
PASS src/platform/platform-settings/platform.settings.service.blacklist.spec.ts (10.923 s)
PASS src/services/infrastructure/license-entitlement-usage/license.entitlement.usage.service.spec.ts (10.935 s)
PASS src/domain/space/account/account.service.license.spec.ts (11.074 s)
PASS src/core/bootstrap/bootstrap.service.spec.ts (11.206 s)
PASS src/domain/space/space/space.service.spec.ts (11.256 s)
PASS src/tools/schema/__tests__/lifecycle-window.spec.ts (12.077 s)
Change report scaffold written to /var/folders/lq/9g7z6sk162zb9wgvqm0f0nch0000gn/T/schema-lifecycle-qtlWK3/change-report.json
PASS src/domain/communication/room/room.service.mentions.from.text.spec.ts
PASS src/services/external/wingback-webhooks/wingback.webhook.controller.spec.ts
npm warn Unknown env config "verify-deps-before-run". This will stop working in the next major version of npm.
npm warn Unknown env config "auto-install-peers". This will stop working in the next major version of npm.
npm warn Unknown env config "_jsr-registry". This will stop working in the next major version of npm.
npm warn Unknown project config "auto-install-peers". This will stop working in the next major version of npm.
npm warn Unknown project config "strict-peer-dependencies". This will stop working in the next major version of npm.
npm warn Unknown env config "verify-deps-before-run". This will stop working in the next major version of npm.
npm warn Unknown env config "auto-install-peers". This will stop working in the next major version of npm.
npm warn Unknown env config "_jsr-registry". This will stop working in the next major version of npm.
npm warn Unknown project config "auto-install-peers". This will stop working in the next major version of npm.
npm warn Unknown project config "strict-peer-dependencies". This will stop working in the next major version of npm.
PASS test/schema/diff-invalid-deprecation.spec.ts
npm warn Unknown env config "verify-deps-before-run". This will stop working in the next major version of npm.
npm warn Unknown env config "auto-install-peers". This will stop working in the next major version of npm.
npm warn Unknown env config "_jsr-registry". This will stop working in the next major version of npm.
npm warn Unknown project config "auto-install-peers". This will stop working in the next major version of npm.
npm warn Unknown project config "strict-peer-dependencies". This will stop working in the next major version of npm.
PASS test/schema/diff-baseline.spec.ts
npm warn Unknown env config "verify-deps-before-run". This will stop working in the next major version of npm.
npm warn Unknown env config "auto-install-peers". This will stop working in the next major version of npm.
npm warn Unknown env config "_jsr-registry". This will stop working in the next major version of npm.
npm warn Unknown project config "auto-install-peers". This will stop working in the next major version of npm.
npm warn Unknown project config "strict-peer-dependencies". This will stop working in the next major version of npm.
PASS test/schema/diff-nullability.spec.ts
npm warn Unknown env config "verify-deps-before-run". This will stop working in the next major version of npm.
npm warn Unknown env config "auto-install-peers". This will stop working in the next major version of npm.
npm warn Unknown env config "_jsr-registry". This will stop working in the next major version of npm.
npm warn Unknown project config "auto-install-peers". This will stop working in the next major version of npm.
npm warn Unknown project config "strict-peer-dependencies". This will stop working in the next major version of npm.
PASS test/schema/diff-enum-removal.spec.ts
npm warn Unknown env config "verify-deps-before-run". This will stop working in the next major version of npm.
npm warn Unknown env config "auto-install-peers". This will stop working in the next major version of npm.
npm warn Unknown env config "_jsr-registry". This will stop working in the next major version of npm.
npm warn Unknown project config "auto-install-peers". This will stop working in the next major version of npm.
npm warn Unknown project config "strict-peer-dependencies". This will stop working in the next major version of npm.
PASS test/schema/diff-basic.spec.ts
PASS src/domain/communication/communication/communication.service.spec.ts
PASS src/domain/community/community/community.service.spec.ts
PASS src/domain/collaboration/innovation-flow/innovation.flow.service.spec.ts
PASS src/platform/forum-discussion/discussion.resolver.mutations.spec.ts
PASS src/domain/community/user/user.service.spec.ts
PASS test/schema/diff-performance.spec.ts
  ● Console

    console.log
      Performance diff duration: 1628.18ms

      at Object.<anonymous> (test/schema/diff-performance.spec.ts:67:13)

npm warn Unknown env config "verify-deps-before-run". This will stop working in the next major version of npm.
npm warn Unknown env config "auto-install-peers". This will stop working in the next major version of npm.
npm warn Unknown env config "_jsr-registry". This will stop working in the next major version of npm.
npm warn Unknown project config "auto-install-peers". This will stop working in the next major version of npm.
npm warn Unknown project config "strict-peer-dependencies". This will stop working in the next major version of npm.
PASS test/schema/diff-scalar.spec.ts (6.857 s)
Change report scaffold written to /Users/antst/work/alkemio/server/tmp/perf-change-report.json
PASS test/integration/identity-resolve/identity-resolve.controller.spec.ts
PASS src/domain/collaboration/post/post.resolver.spec.ts
PASS src/platform/licensing/credential-based/licensing-credential-based-entitlements-engine/licensing.credential.based.service.spec.ts
PASS src/core/authentication/authentication.service.spec.ts
PASS src/services/infrastructure/event-bus/event.bus.mocking.spec.ts
unknown format "date-time" ignored in schema at path "#/properties/generatedAt"
unknown format "date-time" ignored in schema at path "#/properties/generatedAt"
unknown format "date-time" ignored in schema at path "#/properties/generatedAt"
unknown format "date-time" ignored in schema at path "#/properties/generatedAt"
PASS src/domain/community/user/user.resolver.spec.ts
✅ Change Report valid
✅ Deprecations valid
PASS test/schema/validate-artifacts.spec.ts
PASS src/domain/common/profile/profile.resolver.spec.ts
PASS src/services/api/roles/roles.service.spec.ts (7.334 s)
PASS src/platform/platform/platform.resolver.queries.spec.ts
PASS src/domain/template/template/template.resolver.mutations.spec.ts
PASS src/domain/common/reference/reference.resolver.spec.ts (6.319 s)
PASS src/platform/forum/forum.service.spec.ts
PASS src/domain/communication/communication/communication.resolver.mutations.spec.ts
PASS src/services/external/geo-location/geo.location.service.spec.ts
PASS src/services/adapters/notification-in-app-adapter/notification.in.app.adapter.spec.ts
PASS src/core/authorization/authorization.service.spec.ts
PASS src/services/api/roles/roles.resolver.queries.spec.ts
PASS src/services/external/elasticsearch/guidance-reporter/guidance.reporter.service.spec.ts
PASS src/services/external/wingback-webhooks/wingback.webhook.service.spec.ts
PASS src/domain/activity-feed/activity.feed.service.spec.ts
PASS src/app.controller.spec.ts
PASS src/services/api/search/search.service.spec.ts
PASS src/domain/community/community/community.resolver.mutations.spec.ts
PASS src/services/auth-reset/subscriber/auth-reset.controller.spec.ts
PASS src/services/task/task.service.spec.ts
PASS src/domain/common/lifecycle/lifecycle.service.spec.ts
PASS src/domain/collaboration/link/link.resolver.spec.ts
PASS src/domain/timeline/event/event.resolver.spec.ts
PASS src/services/external/elasticsearch/contribution-reporter/contribution.reporter.service.spec.ts
PASS test/integration/platform-admin/admin-user-account-delete.spec.ts
PASS src/services/infrastructure/naming/naming.service.spec.ts
PASS src/platform/metadata/metadata.service.spec.ts
PASS src/domain/community/organization/organization.service.spec.ts
PASS src/domain/common/visual/visual.resolver.spec.ts
PASS src/domain/community/organization/organization.resolver.spec.ts
PASS src/library/innovation-pack/innovation.pack.service.spec.ts
PASS src/services/auth-reset/publisher/auth-reset.service.spec.ts
PASS test/unit/domain/community/user/user.authentication.link.service.spec.ts
PASS src/domain/profile-documents/profile.documents.service.spec.ts
PASS test/unit/core/authentication.agent.info/agent.info.service.spec.ts
PASS src/platform/licensing/wingback-subscription/licensing.wingback.subscription.service.spec.ts
PASS src/platform/activity/create.latest.activity.per.space.spec.ts
PASS test/integration/platform-admin/authentication-id-backfill.spec.ts
PASS src/platform/licensing/credential-based/licensing-framework/licensing.framework.service.authorization.spec.ts
PASS src/services/external/wingback-webhooks/wingback.webhook.interceptor.spec.ts
PASS test/schema-contract/diff/scalar-classification.spec.ts
PASS test/schema-contract/perf/large-schema.spec.ts
  ● Console

    console.log
      Large schema diff time: 13ms, entries: 3

      at Object.<anonymous> (test/schema-contract/perf/large-schema.spec.ts:59:13)

PASS src/domain/community/user-group/user-group.service.spec.ts
PASS test/schema-contract/diff/enum-lifecycle.spec.ts
PASS src/platform/configuration/config/config.service.spec.ts
PASS test/schema-contract/coverage/load-baseline.spec.ts
PASS src/domain/space/space/sort.spaces.by.activity.spec.ts
PASS src/services/external/wingback-webhooks/get.contract.validation.pipe.spec.ts
PASS src/domain/access/role-set/role.set.resolver.mutations.spec.ts
PASS test/schema-contract/coverage/registry.spec.ts
PASS src/services/infrastructure/naming/generate.name.id.spec.ts
PASS test/schema-contract/integration/breaking-block.spec.ts
PASS test/schema-contract/coverage/diff-types.extra.spec.ts
PASS test/schema-contract/coverage/classify.spec.ts
PASS src/domain/access/role-set/role.set.service.spec.ts
PASS src/common/utils/compression.util.spec.ts
PASS src/common/utils/get-differences/get.diff.spec.ts
PASS test/schema/override-fetch.spec.ts
PASS test/schema-contract/coverage/governance.reviews.spec.ts
PASS test/schema-contract/coverage/governance.codeowners.spec.ts
PASS test/schema-contract/integration/breaking-override.spec.ts
PASS test/schema-contract/integration/baseline.spec.ts
PASS src/tools/schema/__tests__/deprecation-grace.spec.ts
PASS test/schema/override-eval.spec.ts
PASS src/common/utils/has-allowed-allowed-fields/has.only.allowed.fields.spec.ts
PASS test/schema/deprecation-parser.spec.ts
PASS test/schema-contract/deprecation/parser.spec.ts
PASS test/schema/override-sync.spec.ts
PASS src/config/config.utils.spec.ts
PASS test/schema-contract/governance/override.spec.ts
PASS src/domain/storage/document/document.resolver.spec.ts
------------------------------------------------------------------------------------|---------|----------|---------|---------|------------------------------------------------------------------
File                                                                                | % Stmts | % Branch | % Funcs | % Lines | Uncovered Line #s                                                
------------------------------------------------------------------------------------|---------|----------|---------|---------|------------------------------------------------------------------
All files                                                                           |   23.34 |     7.95 |    6.17 |    21.9 |                                                                  
 core/authentication                                                                |   17.36 |        0 |    12.5 |   17.16 |                                                                  
  authentication.service.ts                                                         |   31.64 |        0 |   18.18 |    31.5 | 46-220,242,245-247                                               
  ory.api.strategy.ts                                                               |       0 |        0 |       0 |       0 | 1-63                                                             
  ory.strategy.ts                                                                   |       0 |        0 |       0 |       0 | 1-71                                                             
 core/authentication.agent.info                                                     |   42.85 |       25 |   15.38 |    41.3 |                                                                  
  agent.info.cache.service.ts                                                       |   29.41 |        0 |       0 |   26.66 | 19-145                                                           
  agent.info.service.ts                                                             |      50 |    29.41 |   33.33 |   48.38 | 29-36,71,79,93-177                                               
 core/authorization                                                                 |   16.56 |        0 |    3.57 |   15.28 |                                                                  
  authorization.service.ts                                                          |   11.22 |        0 |    5.55 |      10 | 35-69,80-269                                                     
  graphql.guard.ts                                                                  |   29.82 |        0 |       0 |   27.27 | 38-179                                                           
  rest.guard.ts                                                                     |       0 |        0 |       0 |       0 | 1-45                                                             
 core/bootstrap                                                                     |   40.57 |        0 |    7.14 |      40 |                                                                  
  bootstrap.service.ts                                                              |   40.57 |        0 |    7.14 |      40 | 100-526                                                          
 core/middleware                                                                    |       0 |        0 |       0 |       0 |                                                                  
  favicon.middleware.ts                                                             |       0 |        0 |       0 |       0 | 3-12                                                             
  index.ts                                                                          |       0 |      100 |     100 |       0 | 1-3                                                              
  request.logger.middleware.ts                                                      |       0 |        0 |       0 |       0 | 1-76                                                             
  session.extend.middleware.ts                                                      |       0 |        0 |       0 |       0 | 1-111                                                            
 domain/access/application                                                          |    22.5 |        0 |       0 |   20.77 |                                                                  
  application.service.ts                                                            |    22.5 |        0 |       0 |   20.77 | 31-207                                                           
 domain/access/invitation                                                           |   22.72 |        0 |       0 |   21.17 |                                                                  
  invitation.service.ts                                                             |   22.72 |        0 |       0 |   21.17 | 39-257                                                           
 domain/access/invitation.platform                                                  |   30.35 |        0 |       0 |   27.77 |                                                                  
  platform.invitation.service.ts                                                    |   30.35 |        0 |       0 |   27.77 | 26-162                                                           
 domain/access/platform-roles-access                                                |   16.27 |        0 |       0 |    12.5 |                                                                  
  platform.roles.access.service.ts                                                  |   16.27 |        0 |       0 |    12.5 | 16-109                                                           
 domain/access/role                                                                 |   38.09 |      100 |       0 |   31.57 |                                                                  
  role.service.ts                                                                   |   38.09 |      100 |       0 |   31.57 | 14-37                                                            
 domain/access/role-set                                                             |   10.48 |        0 |    1.16 |   10.29 |                                                                  
  role.set.service.ts                                                               |   10.48 |        0 |    1.16 |   10.29 | 93-2063                                                          
 domain/activity-feed                                                               |    23.8 |        0 |    6.25 |   22.22 |                                                                  
  activity.feed.service.ts                                                          |    23.8 |        0 |    6.25 |   22.22 | 58-310,326-333                                                   
 domain/agent/agent                                                                 |   14.45 |        0 |       0 |   13.99 |                                                                  
  agent.service.ts                                                                  |   14.45 |        0 |       0 |   13.99 | 56-269,274-304,312-588,596-641,650-685,691-715                   
 domain/agent/credential                                                            |      30 |        0 |       0 |      25 |                                                                  
  credential.service.ts                                                             |      30 |        0 |       0 |      25 | 16-89                                                            
 domain/agent/verified-credential                                                   |   33.33 |        0 |       0 |      25 |                                                                  
  verified.credential.service.ts                                                    |   33.33 |        0 |       0 |      25 | 7-18                                                             
 domain/collaboration/callout                                                       |   11.76 |        0 |       0 |   11.05 |                                                                  
  callout.service.ts                                                                |   11.76 |        0 |       0 |   11.05 | 55-709                                                           
 domain/collaboration/callout-contribution                                          |   11.84 |        0 |       0 |   10.81 |                                                                  
  callout.contribution.move.service.ts                                              |       0 |        0 |       0 |       0 | 1-136                                                            
  callout.contribution.service.ts                                                   |   16.07 |        0 |       0 |   14.54 | 33-383                                                           
 domain/collaboration/callout-contribution-defaults                                 |   29.03 |        0 |       0 |   24.13 |                                                                  
  callout.contribution.defaults.service.ts                                          |   29.03 |        0 |       0 |   24.13 | 16-82                                                            
 domain/collaboration/callout-framing                                               |   15.58 |        0 |       0 |   14.47 |                                                                  
  callout.framing.service.ts                                                        |   15.58 |        0 |       0 |   14.47 | 37-498                                                           
 domain/collaboration/callout-transfer                                              |       0 |        0 |       0 |       0 |                                                                  
  callout.transfer.service.ts                                                       |       0 |        0 |       0 |       0 | 1-188                                                            
 domain/collaboration/callouts-set                                                  |    9.09 |        0 |       0 |    8.52 |                                                                  
  callouts.set.service.ts                                                           |    9.09 |        0 |       0 |    8.52 | 47-737                                                           
 domain/collaboration/collaboration                                                 |   23.63 |        0 |       0 |   22.22 |                                                                  
  collaboration.service.ts                                                          |   23.63 |        0 |       0 |   22.22 | 41-385                                                           
 domain/collaboration/innovation-flow                                               |   12.88 |        0 |     2.7 |   12.38 |                                                                  
  innovation.flow.service.ts                                                        |   12.88 |        0 |     2.7 |   12.38 | 58-753                                                           
 domain/collaboration/innovation-flow-state                                         |   32.43 |        0 |       0 |   29.41 |                                                                  
  innovation.flow.state.service.ts                                                  |   32.43 |        0 |       0 |   29.41 | 18-93                                                            
 domain/collaboration/link                                                          |   31.81 |        0 |       0 |   29.26 |                                                                  
  link.service.ts                                                                   |   31.81 |        0 |       0 |   29.26 | 21-113                                                           
 domain/collaboration/post                                                          |    29.5 |        0 |       0 |   27.11 |                                                                  
  post.service.ts                                                                   |    29.5 |        0 |       0 |   27.11 | 25-161                                                           
 domain/common/authorization-policy                                                 |   10.94 |        0 |       0 |     9.7 |                                                                  
  authorization.policy.service.ts                                                   |   10.94 |        0 |       0 |     9.7 | 37-450                                                           
 domain/common/classification                                                       |   21.12 |        0 |       0 |      20 |                                                                  
  classification.service.ts                                                         |   21.12 |        0 |       0 |      20 | 27-213                                                           
 domain/common/form                                                                 |   29.62 |        0 |       0 |      25 |                                                                  
  form.service.ts                                                                   |   29.62 |        0 |       0 |      25 | 15-62                                                            
 domain/common/knowledge-base                                                       |   29.68 |        0 |       0 |   27.41 |                                                                  
  knowledge.base.service.ts                                                         |   29.68 |        0 |       0 |   27.41 | 28-198                                                           
 domain/common/license                                                              |   17.97 |        0 |       0 |   16.09 |                                                                  
  license.service.ts                                                                |   17.97 |        0 |       0 |   16.09 | 22-253                                                           
 domain/common/license-entitlement                                                  |   23.33 |        0 |       0 |   20.68 |                                                                  
  license.entitlement.service.ts                                                    |   23.33 |        0 |       0 |   20.68 | 22-186                                                           
 domain/common/lifecycle                                                            |   19.23 |        0 |    6.25 |   17.56 |                                                                  
  lifecycle.service.ts                                                              |   19.23 |        0 |    6.25 |   17.56 | 27-209                                                           
 domain/common/location                                                             |   14.92 |        0 |       0 |    12.3 |                                                                  
  location.service.ts                                                               |   14.92 |        0 |       0 |    12.3 | 15-158                                                           
 domain/common/memo                                                                 |   25.58 |        0 |       0 |    23.8 |                                                                  
  memo.service.ts                                                                   |   25.58 |        0 |       0 |    23.8 | 34-252                                                           
 domain/common/nvp                                                                  |   56.25 |        0 |       0 |      50 |                                                                  
  nvp.service.ts                                                                    |   56.25 |        0 |       0 |      50 | 12-29                                                            
 domain/common/profile                                                              |   12.65 |        0 |       0 |   11.72 |                                                                  
  profile.service.ts                                                                |   12.65 |        0 |       0 |   11.72 | 39-474                                                           
 domain/common/reference                                                            |   24.48 |        0 |       0 |   21.27 |                                                                  
  reference.service.ts                                                              |   24.48 |        0 |       0 |   21.27 | 20-128                                                           
 domain/common/tagset                                                               |   11.67 |        0 |       0 |   10.85 |                                                                  
  tagset.service.ts                                                                 |   11.67 |        0 |       0 |   10.85 | 27-354                                                           
 domain/common/tagset-template                                                      |   32.25 |        0 |       0 |   27.58 |                                                                  
  tagset.template.service.ts                                                        |   32.25 |        0 |       0 |   27.58 | 17-97                                                            
 domain/common/tagset-template-set                                                  |   28.94 |        0 |       0 |      25 |                                                                  
  tagset.template.set.service.ts                                                    |   28.94 |        0 |       0 |      25 | 19-118                                                           
 domain/common/visual                                                               |   25.71 |        0 |       0 |   23.52 |                                                                  
  visual.service.ts                                                                 |   25.71 |        0 |       0 |   23.52 | 30-230                                                           
 domain/common/whiteboard                                                           |   22.22 |        0 |       0 |   20.61 |                                                                  
  whiteboard.service.ts                                                             |   22.22 |        0 |       0 |   20.61 | 35-319                                                           
 domain/communication/communication                                                 |   35.18 |        0 |      10 |   32.69 |                                                                  
  communication.service.ts                                                          |   35.18 |        0 |      10 |   32.69 | 36-156                                                           
 domain/communication/conversation                                                  |   17.39 |        0 |       0 |   16.29 |                                                                  
  conversation.service.ts                                                           |   17.39 |        0 |       0 |   16.29 | 37-510                                                           
 domain/communication/conversations-set                                             |   19.56 |        0 |       0 |   17.77 |                                                                  
  conversations.set.service.ts                                                      |   19.56 |        0 |       0 |   17.77 | 30-317                                                           
 domain/communication/message.details                                               |   39.28 |        0 |       0 |   34.61 |                                                                  
  message.details.service.ts                                                        |   39.28 |        0 |       0 |   34.61 | 15-98                                                            
 domain/communication/room                                                          |   18.88 |        0 |       0 |   17.04 |                                                                  
  room.service.ts                                                                   |   18.88 |        0 |       0 |   17.04 | 30-257                                                           
 domain/communication/room-lookup                                                   |   13.13 |        0 |       0 |   11.45 |                                                                  
  room.lookup.service.ts                                                            |   13.13 |        0 |       0 |   11.45 | 27-319                                                           
 domain/communication/room-mentions                                                 |   55.22 |       30 |   22.22 |   54.68 |                                                                  
  room.mentions.service.ts                                                          |   55.22 |       30 |   22.22 |   54.68 | 44-154,166,189-196                                               
 domain/communication/vc-interaction                                                |   34.61 |        0 |       0 |   29.16 |                                                                  
  vc.interaction.service.ts                                                         |   34.61 |        0 |       0 |   29.16 | 14-76                                                            
 domain/communication/virtual.contributor.message                                   |    37.5 |        0 |       0 |   33.33 |                                                                  
  virtual.contributor.message.service.ts                                            |    37.5 |        0 |       0 |   33.33 | 21-121                                                           
 domain/community/community                                                         |   32.91 |        0 |    7.69 |   31.16 |                                                                  
  community.service.ts                                                              |   32.91 |        0 |    7.69 |   31.16 | 43-231                                                           
 domain/community/community-communication                                           |   53.84 |      100 |       0 |   45.45 |                                                                  
  community.communication.service.ts                                                |   53.84 |      100 |       0 |   45.45 | 12-38                                                            
 domain/community/community-guidelines                                              |   34.78 |        0 |       0 |   31.81 |                                                                  
  community.guidelines.service.ts                                                   |   34.78 |        0 |       0 |   31.81 | 24-155                                                           
 domain/community/contributor                                                       |      25 |        0 |       0 |   23.07 |                                                                  
  contributor.service.ts                                                            |      25 |        0 |       0 |   23.07 | 31-219                                                           
 domain/community/organization                                                      |   25.12 |        0 |    4.34 |   24.39 |                                                                  
  organization.service.ts                                                           |   25.12 |        0 |    4.34 |   24.39 | 91-640                                                           
 domain/community/organization-lookup                                               |   27.77 |        0 |       0 |   23.52 |                                                                  
  organization.lookup.service.ts                                                    |   27.77 |        0 |       0 |   23.52 | 18-157                                                           
 domain/community/organization-settings                                             |   38.46 |        0 |       0 |   27.27 |                                                                  
  organization.settings.service.ts                                                  |   38.46 |        0 |       0 |   27.27 | 9-28                                                             
 domain/community/organization-verification                                         |   38.88 |        0 |       0 |   35.29 |                                                                  
  organization.verification.service.ts                                              |   38.88 |        0 |       0 |   35.29 | 19-94                                                            
 domain/community/user                                                              |    27.5 |     6.94 |    12.5 |   27.06 |                                                                  
  user.service.ts                                                                   |    27.5 |     6.94 |    12.5 |   27.06 | 113-365,372,408-820                                              
 domain/community/user-authentication-link                                          |   89.83 |       75 |      75 |   89.47 |                                                                  
  user.authentication.link.service.ts                                               |   89.83 |       75 |      75 |   89.47 | 32,52,84,124,151,161                                             
 domain/community/user-group                                                        |   26.19 |        0 |    7.14 |      25 |                                                                  
  user-group.service.ts                                                             |   26.19 |        0 |    7.14 |      25 | 50-266                                                           
 domain/community/user-lookup                                                       |   16.94 |        0 |       0 |   14.54 |                                                                  
  user.lookup.service.ts                                                            |   16.94 |        0 |       0 |   14.54 | 19-252                                                           
 domain/community/user-settings                                                     |   15.78 |        0 |       0 |   13.51 |                                                                  
  user.settings.service.ts                                                          |   15.78 |        0 |       0 |   13.51 | 19-232                                                           
 domain/community/virtual-contributor                                               |   17.29 |        0 |       0 |   16.39 |                                                                  
  virtual.contributor.service.ts                                                    |   17.29 |        0 |       0 |   16.39 | 57-631                                                           
 domain/community/virtual-contributor-defaults                                      |   24.13 |        0 |       0 |   18.51 |                                                                  
  virtual.contributor.defaults.service.ts                                           |   24.13 |        0 |       0 |   18.51 | 11-74                                                            
 domain/community/virtual-contributor-lookup                                        |   25.58 |        0 |       0 |   21.95 |                                                                  
  virtual.contributor.lookup.service.ts                                             |   25.58 |        0 |       0 |   21.95 | 22-163                                                           
 domain/community/virtual-contributor-platform-settings                             |   66.66 |      100 |       0 |      50 |                                                                  
  virtual.contributor.platform.settings.service.ts                                  |   66.66 |      100 |       0 |      50 | 13-15                                                            
 domain/community/virtual-contributor-settings                                      |   45.45 |        0 |       0 |   33.33 |                                                                  
  virtual.contributor.settings.service.ts                                           |   45.45 |        0 |       0 |   33.33 | 9-28                                                             
 domain/innovation-hub                                                              |   15.44 |        0 |       0 |   14.04 |                                                                  
  innovation.hub.service.ts                                                         |   15.44 |        0 |       0 |   14.04 | 29-359                                                           
 domain/profile-documents                                                           |   95.91 |    78.57 |     100 |   95.74 |                                                                  
  profile.documents.service.ts                                                      |   95.91 |    78.57 |     100 |   95.74 | 44,58                                                            
 domain/space/account                                                               |    17.9 |        0 |       0 |   16.98 |                                                                  
  account.service.ts                                                                |    17.9 |        0 |       0 |   16.98 | 52-494                                                           
 domain/space/account.host                                                          |      40 |        0 |       0 |   37.73 |                                                                  
  account.host.service.ts                                                           |      40 |        0 |       0 |   37.73 | 28-148                                                           
 domain/space/account.license.plan                                                  |       0 |        0 |       0 |       0 |                                                                  
  account.license.plan.service.ts                                                   |       0 |        0 |       0 |       0 | 1-35                                                             
 domain/space/account.lookup                                                        |   30.76 |        0 |       0 |   27.02 |                                                                  
  account.lookup.service.ts                                                         |   30.76 |        0 |       0 |   27.02 | 21-118                                                           
 domain/space/space                                                                 |   35.52 |    24.08 |   17.24 |   34.78 |                                                                  
  space.service.ts                                                                  |   35.52 |    24.08 |   17.24 |   34.78 | 134-574,607,630,644,656-659,694,717-719,736,764,858,872,932-1545 
 domain/space/space.about                                                           |   20.79 |        0 |       0 |   20.21 |                                                                  
  space.about.service.ts                                                            |   20.79 |        0 |       0 |   20.21 | 38-331                                                           
 domain/space/space.about.membership                                                |       0 |      100 |       0 |       0 |                                                                  
  space.about.membership.service.ts                                                 |       0 |      100 |       0 |       0 | 1-4                                                              
 domain/space/space.defaults                                                        |   20.43 |        0 |       0 |   18.68 |                                                                  
  space.defaults.service.ts                                                         |   20.43 |        0 |       0 |   18.68 | 31-290                                                           
 domain/space/space.lookup                                                          |   19.04 |        0 |       0 |   16.66 |                                                                  
  space.lookup.service.ts                                                           |   19.04 |        0 |       0 |   16.66 | 28-242                                                           
 domain/space/space.settings                                                        |   31.25 |        0 |       0 |   21.42 |                                                                  
  space.settings.service.ts                                                         |   31.25 |        0 |       0 |   21.42 | 9-31                                                             
 domain/storage/document                                                            |   22.47 |        0 |       0 |   20.93 |                                                                  
  document.service.ts                                                               |   22.47 |        0 |       0 |   20.93 | 28-240                                                           
 domain/storage/storage-aggregator                                                  |   16.82 |        0 |       0 |   15.68 |                                                                  
  storage.aggregator.service.ts                                                     |   16.82 |        0 |       0 |   15.68 | 25-282                                                           
 domain/storage/storage-bucket                                                      |   18.88 |        0 |       0 |   17.85 |                                                                  
  storage.bucket.service.ts                                                         |   18.88 |        0 |       0 |   17.85 | 39-451                                                           
 domain/template/template                                                           |   14.58 |        0 |       0 |   13.68 |                                                                  
  template.service.ts                                                               |   14.58 |        0 |       0 |   13.68 | 49-770                                                           
 domain/template/template-applier                                                   |       0 |        0 |       0 |       0 |                                                                  
  template.applier.service.ts                                                       |       0 |        0 |       0 |       0 | 1-119                                                            
 domain/template/template-content-space                                             |   24.35 |        0 |       0 |   22.36 |                                                                  
  template.content.space.service.ts                                                 |   24.35 |        0 |       0 |   22.36 | 33-350                                                           
 domain/template/template-content-space/template-content-space.lookup               |       0 |        0 |       0 |       0 |                                                                  
  template-content-space.lookup.service.ts                                          |       0 |        0 |       0 |       0 | 1-61                                                             
 domain/template/template-default                                                   |   38.23 |        0 |       0 |   34.37 |                                                                  
  template.default.service.ts                                                       |   38.23 |        0 |       0 |   34.37 | 22-89                                                            
 domain/template/templates-manager                                                  |   24.59 |        0 |       0 |   22.03 |                                                                  
  templates.manager.service.ts                                                      |   24.59 |        0 |       0 |   22.03 | 26-195                                                           
 domain/template/templates-set                                                      |   26.86 |        0 |       0 |   24.61 |                                                                  
  templates.set.service.ts                                                          |   26.86 |        0 |       0 |   24.61 | 29-233                                                           
 domain/timeline/calendar                                                           |   30.43 |        0 |       0 |   29.54 |                                                                  
  calendar.service.ts                                                               |   30.43 |        0 |       0 |   29.54 | 37-271                                                           
 domain/timeline/event                                                              |    26.5 |        0 |       0 |   24.69 |                                                                  
  event.service.ts                                                                  |    26.5 |        0 |       0 |   24.69 | 31-256                                                           
 domain/timeline/timeline                                                           |   36.84 |        0 |       0 |   33.33 |                                                                  
  timeline.service.ts                                                               |   36.84 |        0 |       0 |   33.33 | 18-81                                                            
 library/innovation-pack                                                            |   26.31 |        0 |    7.69 |   24.73 |                                                                  
  innovation.pack.service.ts                                                        |   26.31 |        0 |    7.69 |   24.73 | 43-295                                                           
 library/innovation-pack/innovation.pack.defaults                                   |   54.54 |      100 |       0 |   44.44 |                                                                  
  innovation.pack.defaults.service.ts                                               |   54.54 |      100 |       0 |   44.44 | 8-18                                                             
 library/library                                                                    |       0 |        0 |       0 |       0 |                                                                  
  library.service.ts                                                                |       0 |        0 |       0 |       0 | 1-170                                                            
 platform-admin/admin                                                               |       0 |        0 |       0 |       0 |                                                                  
  platform.admin.service.ts                                                         |       0 |        0 |       0 |       0 | 6-100                                                            
 platform-admin/core/identity                                                       |    37.7 |      7.4 |   33.33 |    36.2 |                                                                  
  admin.identity.service.ts                                                         |    37.7 |      7.4 |   33.33 |    36.2 | 29-102,115-120,136,140-144,149-178                               
 platform-admin/domain/authorization                                                |   18.05 |        0 |       0 |   16.66 |                                                                  
  admin.authorization.service.ts                                                    |   18.05 |        0 |       0 |   16.66 | 30-232                                                           
 platform-admin/domain/communication                                                |       0 |        0 |       0 |       0 |                                                                  
  admin.communication.service.ts                                                    |       0 |        0 |       0 |       0 | 1-205                                                            
 platform-admin/domain/organization                                                 |       0 |        0 |       0 |       0 |                                                                  
  domain.platform.settings.service.ts                                               |       0 |        0 |       0 |       0 | 1-27                                                             
 platform-admin/domain/user/authentication-id-backfill                              |   74.44 |       55 |     100 |   74.15 |                                                                  
  authentication-id-backfill.service.ts                                             |   74.44 |       55 |     100 |   74.15 | 56-80,112-117,132-137,150-163,188                                
 platform-admin/domain/whiteboard                                                   |       0 |        0 |       0 |       0 |                                                                  
  admin.whiteboard.service.ts                                                       |       0 |        0 |       0 |       0 | 1-147                                                            
 platform-admin/in-app-notification                                                 |       0 |        0 |       0 |       0 |                                                                  
  in.app.notification.admin.service.ts                                              |       0 |        0 |       0 |       0 | 1-151                                                            
 platform-admin/licensing                                                           |       0 |        0 |       0 |       0 |                                                                  
  admin.licensing.service.ts                                                        |       0 |        0 |       0 |       0 | 1-208                                                            
 platform/activity                                                                  |   17.24 |        0 |       0 |   15.66 |                                                                  
  activity.service.ts                                                               |   17.24 |        0 |       0 |   15.66 | 26-352                                                           
 platform/authorization                                                             |   46.42 |        0 |       0 |    42.3 |                                                                  
  platform.authorization.policy.service.ts                                          |   46.42 |        0 |       0 |    42.3 | 23-87                                                            
 platform/configuration/config                                                      |   41.17 |      100 |      25 |   33.33 |                                                                  
  config.service.ts                                                                 |   41.17 |      100 |      25 |   33.33 | 14-163                                                           
 platform/forum                                                                     |   27.77 |        0 |    7.69 |   26.13 |                                                                  
  forum.service.ts                                                                  |   27.77 |        0 |    7.69 |   26.13 | 42-241                                                           
 platform/forum-discussion                                                          |   25.86 |        0 |       0 |   23.63 |                                                                  
  discussion.service.ts                                                             |   25.86 |        0 |       0 |   23.63 | 26-174                                                           
 platform/forum-discussion-lookup                                                   |       0 |        0 |       0 |       0 |                                                                  
  forum.discussion.lookup.service.ts                                                |       0 |        0 |       0 |       0 | 1-32                                                             
 platform/in-app-notification                                                       |    9.49 |        0 |       0 |    8.33 |                                                                  
  in.app.notification.service.ts                                                    |    9.49 |        0 |       0 |    8.33 | 58-571                                                           
 platform/licensing/credential-based/license-credential-issuer                      |      30 |        0 |       0 |   22.22 |                                                                  
  license.issuer.service.ts                                                         |      30 |        0 |       0 |   22.22 | 10-59                                                            
 platform/licensing/credential-based/license-plan                                   |   24.39 |        0 |       0 |   20.51 |                                                                  
  license.plan.service.ts                                                           |   24.39 |        0 |       0 |   20.51 | 17-93                                                            
 platform/licensing/credential-based/license-policy                                 |   21.56 |        0 |       0 |   18.36 |                                                                  
  license.policy.service.ts                                                         |   21.56 |        0 |       0 |   18.36 | 18-131                                                           
 platform/licensing/credential-based/licensing-credential-based-entitlements-engine |   16.17 |        0 |    9.09 |   14.06 |                                                                  
  licensing.credential.based.service.ts                                             |   16.17 |        0 |    9.09 |   14.06 | 30-165                                                           
 platform/licensing/credential-based/licensing-framework                            |   26.08 |        0 |       0 |   23.25 |                                                                  
  licensing.framework.service.ts                                                    |   26.08 |        0 |       0 |   23.25 | 18-137                                                           
 platform/licensing/wingback-subscription                                           |   42.85 |        0 |    12.5 |   38.46 |                                                                  
  licensing.wingback.subscription.service.ts                                        |   42.85 |        0 |    12.5 |   38.46 | 29-59,70-100                                                     
 platform/metadata                                                                  |      50 |        0 |      20 |      40 |                                                                  
  metadata.service.ts                                                               |      50 |        0 |      20 |      40 | 13-32                                                            
 platform/platform                                                                  |   18.57 |        0 |       0 |   16.17 |                                                                  
  platform.service.ts                                                               |   18.57 |        0 |       0 |   16.17 | 29-210                                                           
 platform/platform-settings                                                         |      62 |       50 |      60 |      60 |                                                                  
  platform.settings.service.ts                                                      |      62 |       50 |      60 |      60 | 18-72                                                            
 platform/platform-templates                                                        |   35.48 |        0 |       0 |   31.03 |                                                                  
  platform.templates.service.ts                                                     |   35.48 |        0 |       0 |   31.03 | 18-78                                                            
 platform/platform.well.known.virtual.contributors                                  |    37.5 |        0 |       0 |   31.81 |                                                                  
  platform.well.known.virtual.contributors.service.ts                               |    37.5 |        0 |       0 |   31.81 | 19-70                                                            
 schema-bootstrap                                                                   |       0 |      100 |       0 |       0 |                                                                  
  module.schema-bootstrap.ts                                                        |       0 |      100 |       0 |       0 | 6-235                                                            
 schema-bootstrap/stubs                                                             |       0 |      100 |       0 |       0 |                                                                  
  cache.stub.ts                                                                     |       0 |      100 |       0 |       0 | 1-6                                                              
  db.stub.ts                                                                        |       0 |      100 |       0 |       0 | 2-90                                                             
  event-bus-providers.stub.ts                                                       |       0 |      100 |       0 |       0 | 7-52                                                             
  event-bus.stub.ts                                                                 |       0 |      100 |       0 |       0 | 1-5                                                              
  microservices.stub.ts                                                             |       0 |      100 |       0 |       0 | 2-43                                                             
  search.stub.ts                                                                    |       0 |      100 |       0 |       0 | 1-3                                                              
 schema-contract/classify                                                           |     100 |      100 |     100 |     100 |                                                                  
  build-report.ts                                                                   |     100 |      100 |     100 |     100 |                                                                  
 schema-contract/deprecation                                                        |   83.33 |    66.66 |     100 |   91.66 |                                                                  
  parser.ts                                                                         |   81.25 |    66.66 |     100 |      90 | 17                                                               
  registry.ts                                                                       |     100 |      100 |     100 |     100 |                                                                  
 schema-contract/diff                                                               |   93.41 |     87.5 |     100 |   94.64 |                                                                  
  cleanup.ts                                                                        |    87.5 |        0 |     100 |     100 | 13                                                               
  diff-core.ts                                                                      |   90.19 |    78.94 |     100 |   89.36 | 52,114-117,122                                                   
  diff-enum.ts                                                                      |   93.44 |    88.88 |     100 |   92.85 | 28-34,98,109                                                     
  diff-scalar.ts                                                                    |   94.44 |     92.1 |     100 |     100 | 27,29,32                                                         
  diff-types.ts                                                                     |   95.65 |    88.09 |     100 |   95.58 | 17-19,135                                                        
 schema-contract/governance                                                         |   91.42 |    76.19 |     100 |   96.55 |                                                                  
  apply-overrides.ts                                                                |     100 |       80 |     100 |     100 | 26                                                               
  codeowners.ts                                                                     |   97.36 |       70 |     100 |     100 | 14,22-26                                                         
  reviews.ts                                                                        |   84.61 |    77.77 |     100 |   93.18 | 34,46-53                                                         
 schema-contract/model                                                              |     100 |      100 |     100 |     100 |                                                                  
  index.ts                                                                          |     100 |      100 |     100 |     100 |                                                                  
  types.ts                                                                          |     100 |      100 |     100 |     100 |                                                                  
 schema-contract/snapshot                                                           |     100 |       50 |     100 |     100 |                                                                  
  load-baseline.ts                                                                  |     100 |       50 |     100 |     100 | 9,23                                                             
 services/adapters/ai-server-adapter/dto                                            |       0 |        0 |       0 |       0 |                                                                  
  ai.server.adapter.dto.update.ai.persona.service.ts                                |       0 |        0 |       0 |       0 | 3-34                                                             
 services/ai-server/ai-persona                                                      |   16.66 |        0 |       0 |      15 |                                                                  
  ai.persona.service.ts                                                             |   16.66 |        0 |       0 |      15 | 30-251                                                           
 services/ai-server/ai-server                                                       |   18.79 |        0 |       0 |    17.8 |                                                                  
  ai.server.service.ts                                                              |   18.79 |        0 |       0 |    17.8 | 44-479                                                           
 services/ai-server/ai-server/dto                                                   |       0 |      100 |       0 |       0 |                                                                  
  ai.server.dto.ingest.ai.persona.service.ts                                        |       0 |      100 |       0 |       0 | 1-7                                                              
 services/api-rest/identity-resolve                                                 |   89.39 |       50 |     100 |   89.06 |                                                                  
  identity-resolve.service.ts                                                       |   89.39 |       50 |     100 |   89.06 | 85-89,110,114,121,147-151                                        
 services/api-rest/ssi-credential-flow                                              |   55.55 |      100 |       0 |   42.85 |                                                                  
  ssi.credential.flow.service.ts                                                    |   55.55 |      100 |       0 |   42.85 | 6-27                                                             
 services/api/activity-log                                                          |   27.58 |        0 |       0 |   25.88 |                                                                  
  activity.log.builder.service.ts                                                   |   22.33 |        0 |       0 |   20.79 | 38-341                                                           
  activity.log.service.ts                                                           |   35.21 |        0 |       0 |   33.33 | 30-175                                                           
 services/api/conversion                                                            |       0 |        0 |       0 |       0 |                                                                  
  conversion.service.ts                                                             |       0 |        0 |       0 |       0 | 1-508                                                            
 services/api/input-creator                                                         |   12.82 |        0 |       0 |   11.81 |                                                                  
  input.creator.service.ts                                                          |   12.82 |        0 |       0 |   11.81 | 50-578                                                           
 services/api/lookup                                                                |       0 |      100 |     100 |       0 |                                                                  
  lookup.service.ts                                                                 |       0 |      100 |     100 |       0 | 1-4                                                              
 services/api/lookup-by-name                                                        |       0 |      100 |     100 |       0 |                                                                  
  lookup.by.name.service.ts                                                         |       0 |      100 |     100 |       0 | 1-4                                                              
 services/api/me                                                                    |       0 |        0 |       0 |       0 |                                                                  
  me.service.ts                                                                     |       0 |        0 |       0 |       0 | 1-325                                                            
 services/api/notification-recipients                                               |    8.37 |        0 |       0 |    7.38 |                                                                  
  notification.recipients.service.ts                                                |    8.37 |        0 |       0 |    7.38 | 30-664                                                           
 services/api/registration                                                          |    22.1 |        0 |       0 |   20.43 |                                                                  
  registration.service.ts                                                           |    22.1 |        0 |       0 |   20.43 | 28-220                                                           
 services/api/roles                                                                 |    53.4 |    18.18 |   41.66 |   52.32 |                                                                  
  roles.service.ts                                                                  |    53.4 |    18.18 |   41.66 |   52.32 | 79-88,121-253                                                    
 services/api/search                                                                |   63.63 |        0 |      25 |   63.33 |                                                                  
  search.service.ts                                                                 |   63.63 |        0 |      25 |   63.33 | 39-66,76                                                         
 services/api/search/extract                                                        |   24.39 |        0 |       0 |   22.78 |                                                                  
  search.extract.service.ts                                                         |   24.39 |        0 |       0 |   22.78 | 28,80,136-337                                                    
 services/api/search/ingest                                                         |   20.07 |     1.25 |       4 |   20.39 |                                                                  
  search.ingest.service.ts                                                          |   20.07 |     1.25 |       4 |   20.39 | 120-124,187-1311,1317,1321-1333,1340-1344                        
 services/api/search/result                                                         |   10.48 |        0 |       0 |   10.42 |                                                                  
  search.result.service.ts                                                          |   10.48 |        0 |       0 |   10.42 | 57-962,971-988                                                   
 services/api/url-resolver                                                          |       0 |        0 |       0 |       0 |                                                                  
  url.resolver.service.ts                                                           |       0 |        0 |       0 |       0 | 1-1019                                                           
 services/auth-reset/publisher                                                      |   33.89 |        0 |    7.14 |   31.57 |                                                                  
  auth-reset.service.ts                                                             |   33.89 |        0 |    7.14 |   31.57 | 28-179                                                           
 services/collaborative-document-integration                                        |       0 |        0 |       0 |       0 |                                                                  
  collaborative-document-integration.service.ts                                     |       0 |        0 |       0 |       0 | 1-209                                                            
 services/external/avatar-creator                                                   |   31.25 |        0 |       0 |   26.66 |                                                                  
  avatar.creator.service.ts                                                         |   31.25 |        0 |       0 |   26.66 | 12-84                                                            
[...]
DA:622,0
DA:623,0
DA:635,0
DA:636,0
DA:639,0
DA:650,0
DA:651,0
DA:652,0
DA:658,0
DA:678,0
DA:680,0
DA:681,0
DA:684,0
DA:685,0
DA:691,0
DA:692,0
DA:698,0
DA:711,0
DA:715,0
DA:716,0
DA:721,0
DA:722,0
DA:728,0
DA:733,0
DA:734,0
DA:737,0
DA:751,0
DA:752,0
DA:756,0
DA:757,0
DA:758,0
DA:761,0
DA:762,0
DA:763,0
DA:765,0
DA:768,0
DA:769,0
DA:772,0
LF:193
LH:10
BRDA:147,0,0,0
BRDA:189,1,0,0
BRDA:195,2,0,0
BRDA:198,3,0,0
BRDA:198,3,1,0
BRDA:220,4,0,0
BRDA:228,5,0,0
BRDA:229,6,0,0
BRDA:231,7,0,0
BRDA:233,8,0,0
BRDA:237,9,0,0
BRDA:241,10,0,0
BRDA:241,10,1,0
BRDA:270,11,0,0
BRDA:270,12,0,0
BRDA:270,12,1,0
BRDA:290,13,0,0
BRDA:316,14,0,0
BRDA:354,15,0,0
BRDA:354,16,0,0
BRDA:354,16,1,0
BRDA:362,17,0,0
BRDA:393,18,0,0
BRDA:393,18,1,0
BRDA:416,19,0,0
BRDA:416,20,0,0
BRDA:416,20,1,0
BRDA:424,21,0,0
BRDA:451,22,0,0
BRDA:458,23,0,0
BRDA:465,24,0,0
BRDA:509,25,0,0
BRDA:545,26,0,0
BRDA:545,27,0,0
BRDA:545,27,1,0
BRDA:563,28,0,0
BRDA:570,29,0,0
BRDA:593,30,0,0
BRDA:597,31,0,0
BRDA:599,32,0,0
BRDA:599,33,0,0
BRDA:599,33,1,0
BRDA:622,34,0,0
BRDA:622,35,0,0
BRDA:622,35,1,0
BRDA:635,36,0,0
BRDA:680,37,0,0
BRDA:715,38,0,0
BRDA:729,39,0,0
BRDA:729,39,1,0
BRDA:733,40,0,0
BRDA:751,41,0,0
BRDA:757,42,0,0
BRDA:765,43,0,0
BRDA:765,43,1,0
BRDA:768,44,0,0
BRF:56
BRH:0
end_of_record
TN:
SF:src/services/infrastructure/license-entitlement-usage/license.entitlement.usage.service.ts
FN:25,(anonymous_4)
FN:32,(anonymous_5)
FN:109,(anonymous_6)
FN:135,(anonymous_7)
FN:148,(anonymous_8)
FNF:5
FNH:5
FNDA:21,(anonymous_4)
FNDA:14,(anonymous_5)
FNDA:9,(anonymous_6)
FNDA:31,(anonymous_7)
FNDA:68,(anonymous_8)
DA:1,57
DA:2,57
DA:3,57
DA:4,57
DA:5,57
DA:9,57
DA:10,57
DA:11,57
DA:18,57
DA:24,57
DA:27,21
DA:29,21
DA:37,14
DA:38,14
DA:42,10
DA:47,10
DA:49,1
DA:50,1
DA:52,1
DA:53,1
DA:55,1
DA:56,1
DA:59,14
DA:68,14
DA:69,1
DA:74,13
DA:76,4
DA:81,3
DA:86,2
DA:91,1
DA:93,1
DA:95,1
DA:97,1
DA:113,9
DA:115,9
DA:117,24
DA:119,24
DA:120,10
DA:124,9
DA:139,31
DA:140,65
DA:141,23
DA:145,6
DA:152,68
DA:153,68
DA:154,2
DA:159,66
DA:160,87
DA:161,37
DA:164,29
LF:50
LH:50
BRDA:38,0,0,5
BRDA:38,0,1,8
BRDA:38,0,2,10
BRDA:38,0,3,1
BRDA:38,0,4,1
BRDA:38,0,5,1
BRDA:68,1,0,1
BRDA:74,2,0,4
BRDA:74,2,1,3
BRDA:74,2,2,2
BRDA:74,2,3,1
BRDA:74,2,4,1
BRDA:74,2,5,1
BRDA:74,2,6,1
BRDA:119,3,0,10
BRDA:140,4,0,23
BRDA:153,5,0,2
BRDA:160,6,0,37
BRF:18
BRH:18
end_of_record
TN:
SF:src/services/infrastructure/naming/naming.service.ts
FN:18,(anonymous_4)
FN:27,(anonymous_5)
FN:39,(anonymous_6)
FN:42,(anonymous_7)
FN:51,(anonymous_8)
FN:56,(anonymous_9)
FN:67,(anonymous_10)
FN:70,(anonymous_11)
FN:83,(anonymous_12)
FN:86,(anonymous_13)
FN:99,(anonymous_14)
FN:102,(anonymous_15)
FN:115,(anonymous_16)
FN:118,(anonymous_17)
FN:124,(anonymous_18)
FN:127,(anonymous_19)
FN:133,(anonymous_20)
FN:136,(anonymous_21)
FN:142,(anonymous_22)
FN:145,(anonymous_23)
FN:151,(anonymous_24)
FN:154,(anonymous_25)
FN:160,(anonymous_26)
FN:163,(anonymous_27)
FN:195,(anonymous_28)
FN:217,(anonymous_29)
FN:224,(anonymous_30)
FN:228,(anonymous_31)
FNF:28
FNH:3
FNDA:4,(anonymous_4)
FNDA:0,(anonymous_5)
FNDA:0,(anonymous_6)
FNDA:0,(anonymous_7)
FNDA:0,(anonymous_8)
FNDA:0,(anonymous_9)
FNDA:0,(anonymous_10)
FNDA:0,(anonymous_11)
FNDA:0,(anonymous_12)
FNDA:0,(anonymous_13)
FNDA:0,(anonymous_14)
FNDA:0,(anonymous_15)
FNDA:0,(anonymous_16)
FNDA:0,(anonymous_17)
FNDA:0,(anonymous_18)
FNDA:0,(anonymous_19)
FNDA:0,(anonymous_20)
FNDA:0,(anonymous_21)
FNDA:0,(anonymous_22)
FNDA:0,(anonymous_23)
FNDA:0,(anonymous_24)
FNDA:0,(anonymous_25)
FNDA:0,(anonymous_26)
FNDA:0,(anonymous_27)
FNDA:0,(anonymous_28)
FNDA:0,(anonymous_29)
FNDA:4,(anonymous_30)
FNDA:4,(anonymous_31)
DA:1,57
DA:2,57
DA:3,57
DA:4,57
DA:5,57
DA:6,57
DA:7,57
DA:8,57
DA:9,57
DA:10,57
DA:11,57
DA:12,57
DA:13,57
DA:14,57
DA:15,57
DA:17,57
DA:20,4
DA:22,4
DA:24,4
DA:30,0
DA:39,0
DA:43,0
DA:51,0
DA:53,0
DA:57,0
DA:67,0
DA:73,0
DA:83,0
DA:89,0
DA:99,0
DA:105,0
DA:115,0
DA:119,0
DA:124,0
DA:128,0
DA:133,0
DA:137,0
DA:142,0
DA:146,0
DA:151,0
DA:155,0
DA:160,0
DA:166,0
DA:179,0
DA:180,0
DA:181,0
DA:182,0
DA:183,0
DA:185,0
DA:186,0
DA:188,0
DA:189,0
DA:192,0
DA:199,0
DA:209,0
DA:210,0
DA:211,0
DA:214,0
DA:218,0
DA:221,0
DA:225,4
DA:232,4
DA:233,4
DA:234,4
DA:235,4
DA:237,5
DA:238,5
DA:240,4
LF:68
LH:27
BRDA:67,0,0,0
BRDA:67,0,1,0
BRDA:83,1,0,0
BRDA:83,1,1,0
BRDA:99,2,0,0
BRDA:99,2,1,0
BRDA:115,3,0,0
BRDA:115,3,1,0
BRDA:179,4,0,0
BRDA:179,4,1,0
BRDA:182,5,0,0
BRDA:185,6,0,0
BRDA:188,7,0,0
BRDA:210,8,0,0
BRF:14
BRH:0
end_of_record
TN:
SF:src/services/infrastructure/space-filter/space.filter.service.ts
FN:9,(anonymous_4)
FN:13,(anonymous_5)
FN:27,(anonymous_6)
FN:37,(anonymous_7)
FNF:4
FNH:1
FNDA:4,(anonymous_4)
FNDA:0,(anonymous_5)
FNDA:0,(anonymous_6)
FNDA:0,(anonymous_7)
DA:1,54
DA:2,54
DA:3,54
DA:4,54
DA:5,54
DA:8,54
DA:10,4
DA:16,0
DA:17,0
DA:18,0
DA:20,0
DA:24,0
DA:31,0
DA:32,0
DA:37,0
DA:38,0
DA:39,0
LF:17
LH:7
BRDA:17,0,0,0
BRDA:17,1,0,0
BRDA:17,1,1,0
BRDA:17,1,2,0
BRDA:31,2,0,0
BRDA:38,3,0,0
BRF:6
BRH:0
end_of_record
TN:
SF:src/services/infrastructure/storage-aggregator-resolver/storage.aggregator.resolver.service.ts
FN:36,(anonymous_4)
FN:46,(anonymous_5)
FN:69,(anonymous_6)
FN:78,(anonymous_7)
FN:97,(anonymous_8)
FN:121,(anonymous_9)
FN:143,(anonymous_10)
FN:165,(anonymous_11)
FN:210,(anonymous_12)
FN:265,(anonymous_13)
FN:318,(anonymous_14)
FN:326,(anonymous_15)
FN:334,(anonymous_16)
FN:380,(anonymous_17)
FN:390,(anonymous_18)
FN:394,(anonymous_19)
FN:402,(anonymous_20)
FN:424,(anonymous_21)
FN:432,(anonymous_22)
FN:540,(anonymous_23)
FNF:20
FNH:0
FNDA:0,(anonymous_4)
FNDA:0,(anonymous_5)
FNDA:0,(anonymous_6)
FNDA:0,(anonymous_7)
FNDA:0,(anonymous_8)
FNDA:0,(anonymous_9)
FNDA:0,(anonymous_10)
FNDA:0,(anonymous_11)
FNDA:0,(anonymous_12)
FNDA:0,(anonymous_13)
FNDA:0,(anonymous_14)
FNDA:0,(anonymous_15)
FNDA:0,(anonymous_16)
FNDA:0,(anonymous_17)
FNDA:0,(anonymous_18)
FNDA:0,(anonymous_19)
FNDA:0,(anonymous_20)
FNDA:0,(anonymous_21)
FNDA:0,(anonymous_22)
FNDA:0,(anonymous_23)
DA:1,57
DA:7,57
DA:8,57
DA:9,57
DA:11,57
DA:12,57
DA:13,57
DA:14,57
DA:15,57
DA:16,57
DA:17,57
DA:18,57
DA:20,57
DA:22,57
DA:24,57
DA:25,57
DA:26,57
DA:27,57
DA:28,57
DA:29,57
DA:30,57
DA:31,57
DA:32,57
DA:35,57
DA:37,0
DA:39,0
DA:41,0
DA:43,0
DA:50,0
DA:51,0
DA:57,0
DA:61,0
DA:62,0
DA:66,0
DA:70,0
DA:74,0
DA:75,0
DA:81,0
DA:88,0
DA:89,0
DA:94,0
DA:100,0
DA:112,0
DA:113,0
DA:118,0
DA:124,0
DA:134,0
DA:135,0
DA:140,0
DA:146,0
DA:156,0
DA:157,0
DA:162,0
DA:168,0
DA:169,0
DA:177,0
DA:187,0
DA:188,0
DA:191,0
DA:201,0
DA:202,0
DA:204,0
DA:213,0
DA:214,0
DA:222,0
DA:232,0
DA:233,0
DA:237,0
DA:249,0
DA:254,0
DA:259,0
DA:268,0
DA:269,0
DA:277,0
DA:289,0
DA:290,0
DA:294,0
DA:308,0
DA:309,0
DA:312,0
DA:322,0
DA:323,0
DA:330,0
DA:331,0
DA:337,0
DA:347,0
DA:348,0
DA:349,0
DA:354,0
DA:357,0
DA:369,0
DA:370,0
DA:374,0
DA:384,0
DA:387,0
DA:391,0
DA:398,0
DA:399,0
DA:405,0
DA:415,0
DA:416,0
DA:421,0
DA:428,0
DA:429,0
DA:435,0
DA:443,0
DA:444,0
DA:449,0
DA:451,0
DA:457,0
DA:464,0
DA:466,0
DA:476,0
DA:477,0
DA:478,0
DA:483,0
DA:486,0
DA:498,0
DA:499,0
DA:504,0
DA:510,0
DA:524,0
DA:530,0
DA:536,0
DA:543,0
DA:553,0
DA:554,0
DA:560,0
LF:128
LH:24
BRDA:50,0,0,0
BRDA:61,1,0,0
BRDA:88,2,0,0
BRDA:112,3,0,0
BRDA:134,4,0,0
BRDA:156,5,0,0
BRDA:168,6,0,0
BRDA:187,7,0,0
BRDA:187,8,0,0
BRDA:187,8,1,0
BRDA:201,9,0,0
BRDA:201,10,0,0
BRDA:201,10,1,0
BRDA:213,11,0,0
BRDA:232,12,0,0
BRDA:249,13,0,0
BRDA:250,14,0,0
BRDA:250,14,1,0
BRDA:250,14,2,0
BRDA:268,15,0,0
BRDA:289,16,0,0
BRDA:289,17,0,0
BRDA:289,17,1,0
BRDA:308,18,0,0
BRDA:308,19,0,0
BRDA:308,19,1,0
BRDA:308,19,2,0
BRDA:347,20,0,0
BRDA:348,21,0,0
BRDA:369,22,0,0
BRDA:369,23,0,0
BRDA:369,23,1,0
BRDA:415,24,0,0
BRDA:415,25,0,0
BRDA:415,25,1,0
BRDA:443,26,0,0
BRDA:449,27,0,0
BRDA:464,28,0,0
BRDA:464,28,1,0
BRDA:476,29,0,0
BRDA:476,29,1,0
BRDA:477,30,0,0
BRDA:498,31,0,0
BRDA:524,32,0,0
BRDA:525,33,0,0
BRDA:525,33,1,0
BRDA:525,33,2,0
BRDA:525,33,3,0
BRDA:553,34,0,0
BRF:49
BRH:0
end_of_record
TN:
SF:src/services/infrastructure/temporary-storage/temporary.storage.service.ts
FN:19,(anonymous_4)
FN:29,(anonymous_5)
FN:50,(anonymous_6)
FN:78,(anonymous_7)
FNF:4
FNH:0
FNDA:0,(anonymous_4)
FNDA:0,(anonymous_5)
FNDA:0,(anonymous_6)
FNDA:0,(anonymous_7)
DA:1,0
DA:2,0
DA:3,0
DA:5,0
DA:15,0
DA:17,0
DA:20,0
DA:22,0
DA:33,0
DA:34,0
DA:35,0
DA:36,0
DA:37,0
DA:38,0
DA:39,0
DA:43,0
DA:53,0
DA:54,0
DA:57,0
DA:58,0
DA:59,0
DA:60,0
DA:61,0
DA:62,0
DA:63,0
DA:66,0
DA:67,0
DA:69,0
DA:75,0
DA:79,0
LF:30
LH:0
BRDA:36,0,0,0
BRF:1
BRH:0
end_of_record
TN:
SF:src/services/infrastructure/url-generator/url.generator.service.ts
FN:47,(anonymous_4)
FN:60,(anonymous_5)
FN:74,(anonymous_6)
FN:78,(anonymous_7)
FN:82,(anonymous_8)
FN:164,(anonymous_9)
FN:181,(anonymous_10)
FN:185,(anonymous_11)
FN:189,(anonymous_12)
FN:231,(anonymous_13)
FN:243,(anonymous_14)
FN:258,(anonymous_15)
FN:278,(anonymous_16)
FN:301,(anonymous_17)
FN:350,(anonymous_18)
FN:379,(anonymous_19)
FN:431,(anonymous_20)
FN:495,(anonymous_21)
FN:516,(anonymous_22)
FN:612,(anonymous_23)
FN:643,(anonymous_24)
FN:666,(anonymous_25)
FN:734,(anonymous_26)
FN:765,(anonymous_27)
FN:801,(anonymous_28)
FN:805,(anonymous_29)
FN:851,(anonymous_30)
FN:877,(anonymous_31)
FN:904,(anonymous_32)
FN:931,(anonymous_33)
FN:961,(anonymous_34)
FN:1020,(anonymous_35)
FN:1028,(anonymous_36)
FN:1045,(anonymous_37)
FN:1064,(anonymous_38)
FN:1068,(anonymous_39)
FN:1077,(anonymous_40)
FN:1086,(anonymous_41)
FN:1131,(anonymous_42)
FN:1151,(anonymous_43)
FN:1159,(anonymous_44)
FN:1168,(anonymous_45)
FN:1182,(anonymous_46)
FNF:43
FNH:0
FNDA:0,(anonymous_4)
FNDA:0,(anonymous_5)
FNDA:0,(anonymous_6)
FNDA:0,(anonymous_7)
FNDA:0,(anonymous_8)
FNDA:0,(anonymous_9)
FNDA:0,(anonymous_10)
FNDA:0,(anonymous_11)
FNDA:0,(anonymous_12)
FNDA:0,(anonymous_13)
FNDA:0,(anonymous_14)
FNDA:0,(anonymous_15)
FNDA:0,(anonymous_16)
FNDA:0,(anonymous_17)
FNDA:0,(anonymous_18)
FNDA:0,(anonymous_19)
FNDA:0,(anonymous_20)
FNDA:0,(anonymous_21)
FNDA:0,(anonymous_22)
FNDA:0,(anonymous_23)
FNDA:0,(anonymous_24)
FNDA:0,(anonymous_25)
FNDA:0,(anonymous_26)
FNDA:0,(anonymous_27)
FNDA:0,(anonymous_28)
FNDA:0,(anonymous_29)
FNDA:0,(anonymous_30)
FNDA:0,(anonymous_31)
FNDA:0,(anonymous_32)
FNDA:0,(anonymous_33)
FNDA:0,(anonymous_34)
FNDA:0,(anonymous_35)
FNDA:0,(anonymous_36)
FNDA:0,(anonymous_37)
FNDA:0,(anonymous_38)
FNDA:0,(anonymous_39)
FNDA:0,(anonymous_40)
FNDA:0,(anonymous_41)
FNDA:0,(anonymous_42)
FNDA:0,(anonymous_43)
FNDA:0,(anonymous_44)
FNDA:0,(anonymous_45)
FNDA:0,(anonymous_46)
DA:1,58
DA:2,58
DA:7,58
DA:8,58
DA:9,58
DA:10,58
DA:11,58
DA:12,58
DA:13,58
DA:15,58
DA:17,58
DA:18,58
DA:19,58
DA:20,58
DA:22,58
DA:23,58
DA:24,58
DA:25,58
DA:26,58
DA:27,58
DA:28,58
DA:29,58
DA:30,58
DA:31,58
DA:32,58
DA:34,58
DA:35,58
DA:36,58
DA:38,58
DA:41,58
DA:42,0
DA:43,0
DA:48,0
DA:49,0
DA:51,0
DA:53,0
DA:55,0
DA:61,0
DA:64,0
DA:65,0
DA:67,0
DA:68,0
DA:69,0
DA:71,0
DA:75,0
DA:79,0
DA:85,0
DA:87,0
DA:89,0
DA:93,0
DA:96,0
DA:100,0
DA:104,0
DA:108,0
DA:113,0
DA:115,0
DA:118,0
DA:121,0
DA:126,0
DA:128,0
DA:130,0
DA:132,0
DA:134,0
DA:136,0
DA:142,0
DA:145,0
DA:149,0
DA:153,0
DA:156,0
DA:159,0
DA:161,0
DA:165,0
DA:166,0
DA:167,0
DA:169,0
DA:170,0
DA:172,0
DA:173,0
DA:175,0
DA:176,0
DA:178,0
DA:182,0
DA:186,0
DA:193,0
DA:194,0
DA:195,0
DA:198,0
DA:199,0
DA:200,0
DA:202,0
DA:203,0
DA:208,0
DA:218,0
DA:219,0
DA:224,0
DA:225,0
DA:226,0
DA:228,0
DA:232,0
DA:233,0
DA:234,0
DA:235,0
DA:236,0
DA:237,0
DA:247,0
DA:249,0
DA:250,0
DA:255,0
DA:265,0
DA:272,0
DA:273,0
DA:275,0
DA:279,0
DA:289,0
DA:290,0
DA:295,0
DA:298,0
DA:304,0
DA:314,0
DA:316,0
DA:323,0
DA:324,0
DA:330,0
DA:334,0
DA:342,0
DA:344,0
DA:347,0
DA:353,0
DA:362,0
DA:363,0
DA:368,0
DA:369,0
DA:373,0
DA:376,0
DA:383,0
DA:398,0
DA:400,0
DA:401,0
DA:402,0
DA:403,0
DA:404,0
DA:408,0
DA:418,0
DA:419,0
DA:424,0
DA:428,0
DA:434,0
DA:445,0
DA:446,0
DA:450,0
DA:454,0
DA:467,0
DA:468,0
DA:472,0
DA:483,0
DA:484,0
DA:488,0
DA:492,0
DA:498,0
DA:507,0
DA:508,0
DA:513,0
DA:517,0
DA:525,0
DA:526,0
DA:532,0
DA:534,0
DA:544,0
DA:545,0
DA:550,0
DA:553,0
DA:559,0
DA:566,0
DA:568,0
DA:575,0
DA:577,0
DA:578,0
DA:581,0
DA:585,0
DA:589,0
DA:601,0
DA:602,0
DA:607,0
DA:608,0
DA:616,0
DA:617,0
DA:622,0
DA:634,0
DA:635,0
DA:640,0
DA:644,0
DA:645,0
DA:650,0
DA:657,0
DA:658,0
DA:663,0
DA:670,0
DA:671,0
DA:683,0
DA:684,0
DA:687,0
DA:704,0
DA:707,0
DA:708,0
DA:715,0
DA:725,0
DA:726,0
DA:728,0
DA:738,0
DA:739,0
DA:744,0
DA:756,0
DA:757,0
DA:762,0
DA:769,0
DA:771,0
DA:773,0
DA:774,0
DA:779,0
DA:786,0
DA:787,0
DA:792,0
DA:802,0
DA:812,0
DA:819,0
DA:820,0
DA:826,0
DA:838,0
DA:839,0
DA:845,0
DA:848,0
DA:854,0
DA:866,0
DA:867,0
DA:874,0
DA:881,0
DA:908,0
DA:934,0
DA:946,0
DA:947,0
DA:954,0
DA:976,0
DA:983,0
DA:984,0
DA:985,0
DA:987,0
DA:994,0
DA:995,0
DA:996,0
DA:998,0
DA:1000,0
DA:1008,0
DA:1009,0
DA:1013,0
DA:1021,0
DA:1025,0
DA:1031,0
DA:1036,0
DA:1037,0
DA:1042,0
DA:1048,0
DA:1055,0
DA:1056,0
DA:1061,0
DA:1065,0
DA:1071,0
DA:1078,0
DA:1083,0
DA:1094,0
DA:1101,0
DA:1102,0
DA:1108,0
DA:1118,0
DA:1119,0
DA:1125,0
DA:1128,0
DA:1134,0
DA:1142,0
DA:1143,0
DA:1148,0
DA:1155,0
DA:1156,0
DA:1164,0
DA:1165,0
DA:1174,0
DA:1178,0
DA:1179,0
DA:1186,0
DA:1187,0
DA:1189,0
LF:290
LH:30
BRDA:64,0,0,0
BRDA:68,1,0,0
BRDA:68,2,0,0
BRDA:68,2,1,0
BRDA:85,3,0,0
BRDA:85,3,1,0
BRDA:85,3,2,0
BRDA:85,3,3,0
BRDA:85,3,4,0
BRDA:85,3,5,0
BRDA:85,3,6,0
BRDA:85,3,7,0
BRDA:85,3,8,0
BRDA:85,3,9,0
BRDA:85,3,10,0
BRDA:85,3,11,0
BRDA:85,3,12,0
BRDA:85,3,13,0
BRDA:85,3,14,0
BRDA:85,3,15,0
BRDA:85,3,16,0
BRDA:118,4,0,0
BRDA:118,4,1,0
BRDA:167,5,0,0
BRDA:167,5,1,0
BRDA:167,5,2,0
BRDA:194,6,0,0
BRDA:199,7,0,0
BRDA:202,8,0,0
BRDA:202,9,0,0
BRDA:202,9,1,0
BRDA:218,10,0,0
BRDA:225,11,0,0
BRDA:225,12,0,0
BRDA:225,12,1,0
BRDA:232,13,0,0
BRDA:233,14,0,0
BRDA:235,15,0,0
BRDA:249,16,0,0
BRDA:272,17,0,0
BRDA:289,18,0,0
BRDA:289,19,0,0
BRDA:289,19,1,0
BRDA:314,20,0,0
BRDA:323,21,0,0
BRDA:342,22,0,0
BRDA:362,23,0,0
BRDA:368,24,0,0
BRDA:373,25,0,0
BRDA:373,25,1,0
BRDA:398,26,0,0
BRDA:401,27,0,0
BRDA:403,28,0,0
BRDA:418,29,0,0
BRDA:418,30,0,0
BRDA:418,30,1,0
BRDA:445,31,0,0
BRDA:467,32,0,0
BRDA:467,33,0,0
BRDA:467,33,1,0
BRDA:483,34,0,0
BRDA:507,35,0,0
BRDA:525,36,0,0
BRDA:532,37,0,0
BRDA:544,38,0,0
BRDA:544,39,0,0
BRDA:544,39,1,0
BRDA:566,40,0,0
BRDA:566,40,1,0
BRDA:575,41,0,0
BRDA:575,41,1,0
BRDA:585,42,0,0
BRDA:585,42,1,0
BRDA:601,43,0,0
BRDA:616,44,0,0
BRDA:616,45,0,0
BRDA:616,45,1,0
BRDA:634,46,0,0
BRDA:644,47,0,0
BRDA:644,48,0,0
BRDA:644,48,1,0
BRDA:657,49,0,0
BRDA:683,50,0,0
BRDA:704,51,0,0
BRDA:704,51,1,0
BRDA:704,51,2,0
BRDA:707,52,0,0
BRDA:725,53,0,0
BRDA:725,54,0,0
BRDA:725,54,1,0
BRDA:738,55,0,0
BRDA:738,56,0,0
BRDA:738,56,1,0
BRDA:756,57,0,0
BRDA:769,58,0,0
BRDA:769,58,1,0
BRDA:769,58,2,0
BRDA:773,59,0,0
BRDA:786,60,0,0
BRDA:786,61,0,0
BRDA:786,61,1,0
BRDA:819,62,0,0
BRDA:838,63,0,0
BRDA:838,64,0,0
BRDA:838,64,1,0
BRDA:866,65,0,0
BRDA:946,66,0,0
BRDA:983,67,0,0
BRDA:994,68,0,0
BRDA:998,69,0,0
BRDA:998,70,0,0
BRDA:998,70,1,0
BRDA:1008,71,0,0
BRDA:1036,72,0,0
BRDA:1055,73,0,0
BRDA:1101,74,0,0
BRDA:1118,75,0,0
BRDA:1142,76,0,0
BRDA:1186,77,0,0
BRF:119
BRH:0
end_of_record
TN:
SF:src/services/room-integration/room.controller.service.ts
FN:20,(anonymous_4)
FN:35,(anonymous_5)
FN:53,(anonymous_6)
FN:58,(anonymous_7)
FN:63,(anonymous_8)
FN:67,(anonymous_9)
FN:104,(anonymous_10)
FN:126,(anonymous_11)
FN:142,(anonymous_12)
FNF:9
FNH:0
FNDA:0,(anonymous_4)
FNDA:0,(anonymous_5)
FNDA:0,(anonymous_6)
FNDA:0,(anonymous_7)
FNDA:0,(anonymous_8)
FNDA:0,(anonymous_9)
FNDA:0,(anonymous_10)
FNDA:0,(anonymous_11)
FNDA:0,(anonymous_12)
DA:1,57
DA:2,57
DA:5,57
DA:6,57
DA:7,57
DA:14,57
DA:15,57
DA:16,57
DA:19,57
DA:21,0
DA:22,0
DA:23,0
DA:24,0
DA:36,0
DA:42,0
DA:43,0
DA:44,0
DA:50,0
DA:54,0
DA:55,0
DA:59,0
DA:60,0
DA:64,0
DA:69,0
DA:71,0
DA:72,0
DA:74,0
DA:75,0
DA:86,0
DA:88,0
DA:90,0
DA:91,0
DA:92,0
DA:93,0
DA:97,0
DA:106,0
DA:107,0
DA:108,0
DA:109,0
DA:119,0
DA:130,0
DA:134,0
DA:136,0
DA:137,0
DA:138,0
DA:143,0
DA:147,0
LF:47
LH:9
BRDA:42,0,0,0
BRDA:42,0,1,0
BRDA:43,1,0,0
BRDA:71,2,0,0
BRDA:88,3,0,0
BRDA:88,4,0,0
BRDA:88,4,1,0
BRDA:91,5,0,0
BRDA:128,6,0,0
BRDA:136,7,0,0
BRDA:137,8,0,0
BRDA:137,8,1,0
BRDA:143,9,0,0
BRDA:143,9,1,0
BRF:14
BRH:0
end_of_record
TN:
SF:src/services/subscriptions/subscription-service/subscription.publish.service.ts
FN:30,(anonymous_4)
FN:45,(anonymous_5)
FN:61,(anonymous_6)
FN:92,(anonymous_7)
FN:111,(anonymous_8)
FN:121,(anonymous_9)
FN:135,(anonymous_10)
FN:137,(anonymous_11)
FNF:8
FNH:0
FNDA:0,(anonymous_4)
FNDA:0,(anonymous_5)
FNDA:0,(anonymous_6)
FNDA:0,(anonymous_7)
FNDA:0,(anonymous_8)
FNDA:0,(anonymous_9)
FNDA:0,(anonymous_10)
FNDA:0,(anonymous_11)
DA:1,57
DA:2,57
DA:3,57
DA:10,57
DA:23,57
DA:24,57
DA:29,57
DA:32,0
DA:34,0
DA:36,0
DA:38,0
DA:40,0
DA:42,0
DA:49,0
DA:55,0
DA:67,0
DA:73,0
DA:74,0
DA:79,0
DA:86,0
DA:95,0
DA:100,0
DA:105,0
DA:112,0
DA:122,0
DA:128,0
DA:135,57
DA:137,57
DA:140,0
LF:29
LH:9
BRDA:73,0,0,0
BRDA:73,0,1,0
BRF:2
BRH:0
end_of_record
TN:
SF:src/services/subscriptions/subscription-service/subscription.read.service.ts
FN:14,(anonymous_4)
FN:27,(anonymous_5)
FN:33,(anonymous_6)
FN:39,(anonymous_7)
FN:45,(anonymous_8)
FN:51,(anonymous_9)
FNF:6
FNH:0
FNDA:0,(anonymous_4)
FNDA:0,(anonymous_5)
FNDA:0,(anonymous_6)
FNDA:0,(anonymous_7)
FNDA:0,(anonymous_8)
FNDA:0,(anonymous_9)
DA:1,57
DA:2,57
DA:9,57
DA:13,57
DA:16,0
DA:18,0
DA:20,0
DA:22,0
DA:24,0
DA:28,0
DA:34,0
DA:40,0
DA:46,0
DA:52,0
LF:14
LH:4
BRF:0
BRH:0
end_of_record
TN:
SF:src/services/task/task.service.ts
FN:16,(anonymous_4)
FN:22,(anonymous_5)
FN:40,(anonymous_6)
FN:43,(anonymous_7)
FN:45,(anonymous_8)
FN:48,(anonymous_9)
FN:54,(anonymous_10)
FN:58,(anonymous_11)
FN:68,(anonymous_12)
FN:94,(anonymous_13)
FN:116,(anonymous_14)
FN:138,(anonymous_15)
FN:152,(anonymous_16)
FN:164,(anonymous_17)
FN:181,(anonymous_18)
FN:182,(anonymous_19)
FN:191,(anonymous_20)
FNF:17
FNH:1
FNDA:1,(anonymous_4)
FNDA:0,(anonymous_5)
FNDA:0,(anonymous_6)
FNDA:0,(anonymous_7)
FNDA:0,(anonymous_8)
FNDA:0,(anonymous_9)
FNDA:0,(anonymous_10)
FNDA:0,(anonymous_11)
FNDA:0,(anonymous_12)
FNDA:0,(anonymous_13)
FNDA:0,(anonymous_14)
FNDA:0,(anonymous_15)
FNDA:0,(anonymous_16)
FNDA:0,(anonymous_17)
FNDA:0,(anonymous_18)
FNDA:0,(anonymous_19)
FNDA:0,(anonymous_20)
DA:1,4
DA:2,4
DA:3,4
DA:4,4
DA:7,4
DA:8,4
DA:10,4
DA:12,4
DA:15,4
DA:17,1
DA:19,1
DA:24,0
DA:26,0
DA:27,0
DA:30,0
DA:34,0
DA:37,0
DA:41,0
DA:43,0
DA:45,0
DA:47,0
DA:48,0
DA:51,0
DA:55,0
DA:59,0
DA:61,0
DA:62,0
DA:65,0
DA:69,0
DA:70,0
DA:81,0
DA:84,0
DA:85,0
DA:99,0
DA:101,0
DA:102,0
DA:105,0
DA:106,0
DA:109,0
DA:111,0
DA:121,0
DA:123,0
DA:124,0
DA:127,0
DA:128,0
DA:131,0
DA:133,0
DA:142,0
DA:144,0
DA:145,0
DA:147,0
DA:153,0
DA:155,0
DA:156,0
DA:157,0
DA:159,0
DA:165,0
DA:167,0
DA:168,0
DA:173,0
DA:176,0
DA:178,0
DA:181,0
DA:183,0
DA:188,0
DA:192,0
DA:197,0
LF:67
LH:11
BRDA:26,0,0,0
BRDA:40,1,0,0
BRDA:47,2,0,0
BRDA:61,3,0,0
BRDA:77,4,0,0
BRDA:77,4,1,0
BRDA:97,5,0,0
BRDA:101,6,0,0
BRDA:101,7,0,0
BRDA:101,7,1,0
BRDA:105,8,0,0
BRDA:105,9,0,0
BRDA:105,9,1,0
BRDA:119,10,0,0
BRDA:123,11,0,0
BRDA:123,12,0,0
BRDA:123,12,1,0
BRDA:127,13,0,0
BRDA:140,14,0,0
BRDA:167,15,0,0
BRF:20
BRH:0
end_of_record
TN:
SF:src/services/whiteboard-integration/whiteboard.integration.service.ts
FN:36,(anonymous_4)
FN:53,(anonymous_5)
FN:77,(anonymous_6)
FN:110,(anonymous_7)
FN:114,(anonymous_8)
FN:132,(anonymous_9)
FN:156,(anonymous_10)
FN:170,(anonymous_11)
FN:182,(anonymous_12)
FN:191,(anonymous_13)
FNF:10
FNH:0
FNDA:0,(anonymous_4)
FNDA:0,(anonymous_5)
FNDA:0,(anonymous_6)
FNDA:0,(anonymous_7)
FNDA:0,(anonymous_8)
FNDA:0,(anonymous_9)
FNDA:0,(anonymous_10)
FNDA:0,(anonymous_11)
FNDA:0,(anonymous_12)
FNDA:0,(anonymous_13)
DA:1,0
DA:2,0
DA:3,0
DA:4,0
DA:6,0
DA:7,0
DA:8,0
DA:9,0
DA:10,0
DA:19,0
DA:22,0
DA:31,0
DA:34,0
DA:37,0
DA:38,0
DA:39,0
DA:40,0
DA:41,0
DA:42,0
DA:43,0
DA:44,0
DA:45,0
DA:47,0
DA:54,0
DA:55,0
DA:58,0
DA:62,0
DA:68,0
DA:73,0
DA:81,0
DA:87,0
DA:88,0
DA:95,0
DA:101,0
DA:107,0
DA:111,0
DA:119,0
DA:120,0
DA:125,0
DA:126,0
DA:127,0
DA:130,0
DA:133,0
DA:134,0
DA:141,0
DA:143,0
DA:148,0
DA:161,0
DA:165,0
DA:168,0
DA:170,0
DA:171,0
DA:186,0
DA:192,0
LF:54
LH:0
BRDA:87,0,0,0
BRDA:101,1,0,0
BRDA:101,1,1,0
BRDA:125,2,0,0
BRDA:125,2,1,0
BRF:5
BRH:0
end_of_record
